	Excentricidade: (elipse: e < 1)
			(paráb:  e = 1)
			(hiperb: e > 1)
	O programa vai varrer um intervalo de 
	excentricidades. Indique os valores inicial
	(eini), final (efin) e o passo (estep):
	O programa vai varrer um intervalo de 
	pericentros. Indique os valores inicial
	(qini), final (qfin) e o passo (qstep):
	Massas M e m:
	Particula de massa M em (0,0).
	Indique a posição XY da partícula de massa m:
 V_sys de m (em relação a M) e seu erro (+-V_sys_err):
 Indique as 3 coordenadas do vetor de spin do
 disco principal (para ver se o movimento é
 progrado ou retrógrado):
	
	
	-----------------------------------------
	Tabela das possíveis órbitas encontradas:
	-----------------------------------------
	
	Dados de entrada:
	Galáxia A em (0,0,0) com massa 86.5874
	Galáxia B em (0,6.5,-13 a 13) com massa 95.2401
	Excentricidade: de 0.9 a 0.9 a passos de 0.1
	Pericentro: de 5.7 a 5.7 a passos de 0.2
	Velocidade sistemática de B em relação a A: V_sys=0+-2    (ATENÇÃO: No sistema de coordenadas da simulação, sinal inverso do observacional).
	-----------------------------------------
	CULUNAS:
	e = excentricidade
	q = distancia de pericentro
	rnow = distancia atual
	vq = velocidade no pericentro
	gx = coordenada X (sistema CÉU, dado de entrada)
	gy = coordenada Y (sistema CÉU, dados de entrada)
	gz = coordenada Z (sistema CÉU)
	VX_ceu = Velocidade coordenada X (sistema CÉU)
	VY_ceu = Velocidade coordenada Y (sistema CÉU)
	VZ_ceu = Velocidade coordenada Z (sistema CÉU)
	x = coordenada X no sistema da órbita (orb no plano XY, pericentro em Y, Z=0, antihorário)
	y = coordenada Y no sistema da órbita 
	vx = componente velocidade X no sistema da órbita 
	vy = componente velocidade Y no sistema da órbita 
	spx, spy, spz = componentes vetor spin da órbita no sistema CÉU 
	qx, qy, qz = componentes vetor direção pericentro no sistema CÉU 
	vsys = componente velocidade Z no sistema CÉU 
	Dir = Direção da órbita: progrado ou retrógrado em rel ao disco M 
	spin-orb = Ângulo entre vetor de spin do disco M e spin da órbita 
	PERIC = Situação PRÉ ou PÓS PERICENTRO 
	pos-peri = Ângulo entre vetor posição (g) e o vetor de pericentro (q) 
	-----------------------------------------
	
e	q	rnow	vq	gx	gy	gz	VX_ceu	VY_ceu	VZ_ceu	x	y	vx	vy	spx	spy	spz	qx	qy	qz	vsys	Dir	spin-orb	PERIC	pos-peri
0.9	5.7	6.5	1614.5	0	6.5	7.62939e-06	1415.8	514.242	0.000590546	-4.37073	  4.811104	-1393.72	-571.382812	-9.21542e-09	1.17375e-06	-1	-0.67242	0.74017	8.49997e-07	0.000590546	Ret	180	POS	42.2541
0.9	5.7	6.5	1614.5	0	6.5	7.62939e-06	-1415.8	514.242	0.000714319	-4.37073	  4.811104	-1393.72	-571.382812	7.82074e-08	-1.17375e-06	1	0.67242	0.74017	7.91213e-07	0.000714319	Pro	0	POS	42.2541
0.9	5.7	6.5	1614.5	0	6.5	7.62939e-06	1415.8	514.242	0.000343001	-4.37073	  4.811104	-1393.72	-571.382812	-1.84061e-07	1.17375e-06	-1	-0.67242	0.74017	9.67567e-07	0.000343001	Ret	180	POS	42.2541
0.9	5.7	6.5	1614.5	0	6.5	7.62939e-06	-1415.8	514.242	0.000624313	-4.37073	  4.811104	-1393.72	-571.382812	1.46345e-08	-1.17375e-06	1	0.67242	0.74017	8.3396e-07	0.000624313	Pro	0	POS	42.2541
0.9	5.7	6.5	1614.5	0	6.5	7.62939e-06	1415.8	-514.242	-0.000590546	4.37073	  4.811104	-1393.72	571.382812	9.21529e-09	1.17375e-06	-1	0.67242	0.74017	8.49997e-07	-0.000590546	Ret	180	PRE	42.2541
0.9	5.7	6.5	1614.5	0	6.5	7.62939e-06	-1415.8	-514.242	-0.000466774	4.37073	  4.811104	-1393.72	571.382812	9.66382e-08	-1.17375e-06	1	-0.67242	0.74017	9.08782e-07	-0.000466774	Pro	0	PRE	42.2541
0.9	5.7	6.5	1614.5	0	6.5	7.62939e-06	1415.8	-514.242	-0.000838092	4.37073	  4.811104	-1393.72	571.382812	-1.6563e-07	1.17375e-06	-1	0.67242	0.74017	7.32428e-07	-0.000838092	Ret	180	PRE	42.2541
0.9	5.7	6.5	1614.5	0	6.5	7.62939e-06	-1415.8	-514.242	-0.00055678	4.37073	  4.811104	-1393.72	571.382812	3.30651e-08	-1.17375e-06	1	-0.67242	0.74017	8.66034e-07	-0.00055678	Pro	0	PRE	42.2541
